[INFO][0][<module>] Linux dec2433 5.14.21-150400.24.46_12.0.73-cray_shasta_c #1 SMP Thu May 18 23:03:34 UTC 2023 (9c4698c) x86_64 x86_64
[INFO][0][<module>] /glade/u/home/rfisher/.local/lib/python3.9/site-packages/ILAMB (2.7)
[INFO][0][<module>] /glade/u/apps/opt/conda/envs/npl-2023a/lib/python3.9/site-packages/numpy (1.23.5)
[INFO][0][<module>] /glade/u/apps/opt/conda/envs/npl-2023a/lib/python3.9/site-packages/matplotlib (3.6.3)
[INFO][0][<module>] /glade/u/apps/opt/conda/envs/npl-2023a/lib/python3.9/site-packages/netCDF4 (1.6.2)
[INFO][0][<module>] /glade/u/apps/opt/conda/envs/npl-2023a/lib/python3.9/site-packages/cf_units (3.1.1)
[INFO][0][<module>] /glade/u/home/rfisher/.local/lib/python3.9/site-packages/sympy (1.12)
[INFO][0][<module>] /glade/u/apps/opt/conda/envs/npl-2023a/lib/python3.9/site-packages/mpi4py (3.1.4)
[INFO][0][<module>] 2023-09-12 06:20:58.186119
[INFO][3][MakeComparable][LatentHeat/FLUXCOM][RTM_ens36_case_4] Spatial data was clipped from the reference:  before: [420 360 720] after: [420 360 711]
[INFO][5][AnalysisMeanStateSites][rsus] Bias scored using Collier2018
[INFO][6][AnalysisMeanStateSites][rlus] Bias scored using Collier2018
[INFO][5][AnalysisMeanStateSites][rsus] RMSE scored using Collier2018
[INFO][6][AnalysisMeanStateSites][rlus] RMSE scored using Collier2018
[INFO][5][confront][SurfaceUpwardSWRadiation/WRMC.BSRN][RTM_ens36_case_3] Success
[INFO][6][confront][SurfaceUpwardLWRadiation/FLUXNET2015][RTM_ens36_case_3] Success
[INFO][4][MakeComparable][SensibleHeat/WECANN][RTM_ens36_case_0] Spatial data was clipped from the reference:  before: [108 180 360] after: [108 180 356]
[INFO][2][AnalysisMeanStateSites][nee] Bias scored using Collier2018
[INFO][2][AnalysisMeanStateSites][nee] RMSE scored using Collier2018
[INFO][2][confront][NetEcosystemExchange/FLUXNET2015][RTM_ens36_case_4] Success
[INFO][6][AnalysisMeanStateSites][rlus] Bias scored using Collier2018
[INFO][6][AnalysisMeanStateSites][rlus] RMSE scored using Collier2018
[INFO][6][confront][SurfaceUpwardLWRadiation/FLUXNET2015][RTM_ens36_case_4] Success
[INFO][7][AnalysisMeanStateSites][rlns] Bias scored using Collier2018
[INFO][7][AnalysisMeanStateSites][rlns] RMSE scored using Collier2018
[INFO][7][confront][SurfaceNetLWRadiation/WRMC.BSRN][RTM_ens36_case_4] Success
[INFO][1][AnalysisMeanStateSites][gpp] Bias scored using Collier2018
[INFO][1][AnalysisMeanStateSites][gpp] RMSE scored using Collier2018
[INFO][1][confront][GrossPrimaryProductivity/FLUXNET2015][RTM_ens36_case_3] Success
[INFO][0][MakeComparable][Biomass/Tropical][RTM_ens36_case_0] Spatial data was clipped from the reference:  before: [  1 360 720] after: [  1 360 711]
[INFO][4][AnalysisMeanStateSpace][hfss] Bias scored using Collier2018
[INFO][4][AnalysisMeanStateSpace][hfss] RMSE scored using Collier2018
[INFO][4][confront][SensibleHeat/WECANN][RTM_ens36_case_0] Success
[INFO][1][AnalysisMeanStateSites][gpp] Bias scored using Collier2018
[INFO][1][AnalysisMeanStateSites][gpp] RMSE scored using Collier2018
[INFO][1][confront][GrossPrimaryProductivity/FLUXNET2015][RTM_ens36_case_4] Success
[INFO][6][MakeComparable][SurfaceUpwardLWRadiation/GEWEX.SRB][RTM_ens36_case_0] Spatial data was clipped from the reference:  before: [288 360 720] after: [288 360 711]
[INFO][5][AnalysisMeanStateSites][rsus] Bias scored using Collier2018
[INFO][2][AnalysisMeanStateSites][reco] Bias scored using Collier2018
[INFO][5][AnalysisMeanStateSites][rsus] RMSE scored using Collier2018
[INFO][2][AnalysisMeanStateSites][reco] RMSE scored using Collier2018
[INFO][5][confront][SurfaceUpwardSWRadiation/WRMC.BSRN][RTM_ens36_case_4] Success
[INFO][2][confront][EcosystemRespiration/FLUXNET2015][RTM_ens36_case_0] Success
[INFO][0][AnalysisMeanStateSpace][biomass] Bias scored using Collier2018
[INFO][0][confront][Biomass/Tropical][RTM_ens36_case_0] Success
[INFO][4][MakeComparable][SensibleHeat/WECANN][RTM_ens36_case_3] Spatial data was clipped from the reference:  before: [108 180 360] after: [108 180 356]
[INFO][5][MakeComparable][SurfaceNetSWRadiation/CERESed4.1][RTM_ens36_case_0] Spatial data was clipped from the reference:  before: [228 360 720] after: [228 360 711]
[INFO][1][MakeComparable][GrossPrimaryProductivity/FLUXCOM][RTM_ens36_case_0] Spatial data was clipped from the reference:  before: [408 360 720] after: [408 360 711]
[INFO][0][MakeComparable][Biomass/Tropical][RTM_ens36_case_3] Spatial data was clipped from the reference:  before: [  1 360 720] after: [  1 360 711]
[INFO][2][AnalysisMeanStateSites][reco] Bias scored using Collier2018
[INFO][2][AnalysisMeanStateSites][reco] RMSE scored using Collier2018
[INFO][2][confront][EcosystemRespiration/FLUXNET2015][RTM_ens36_case_3] Success
[INFO][3][AnalysisMeanStateSpace][hfls] Bias scored using Collier2018
[INFO][7][MakeComparable][SurfaceNetRadiation/CERESed4.1][RTM_ens36_case_0] Spatial data was clipped from the reference:  before: [228 360 720] after: [228 360 711]
[INFO][4][AnalysisMeanStateSpace][hfss] Bias scored using Collier2018
[INFO][4][AnalysisMeanStateSpace][hfss] RMSE scored using Collier2018
[INFO][4][confront][SensibleHeat/WECANN][RTM_ens36_case_3] Success
[INFO][3][AnalysisMeanStateSpace][hfls] RMSE scored using Collier2018
[INFO][3][confront][LatentHeat/FLUXCOM][RTM_ens36_case_4] Success
[INFO][0][AnalysisMeanStateSpace][biomass] Bias scored using Collier2018
[INFO][0][confront][Biomass/Tropical][RTM_ens36_case_3] Success
[INFO][2][AnalysisMeanStateSites][reco] Bias scored using Collier2018
[INFO][2][AnalysisMeanStateSites][reco] RMSE scored using Collier2018
[INFO][2][confront][EcosystemRespiration/FLUXNET2015][RTM_ens36_case_4] Success
[INFO][4][MakeComparable][SensibleHeat/WECANN][RTM_ens36_case_4] Spatial data was clipped from the reference:  before: [108 180 360] after: [108 180 356]
[INFO][3][MakeComparable][LatentHeat/DOLCE][RTM_ens36_case_0] Spatial data was clipped from the reference:  before: [120 360 720] after: [120 360 711]
[INFO][0][MakeComparable][Biomass/Tropical][RTM_ens36_case_4] Spatial data was clipped from the reference:  before: [  1 360 720] after: [  1 360 711]
[INFO][4][AnalysisMeanStateSpace][hfss] Bias scored using Collier2018
[INFO][2][MakeComparable][EcosystemRespiration/FLUXCOM][RTM_ens36_case_0] Spatial data was clipped from the reference:  before: [408 360 720] after: [408 360 711]
[INFO][0][AnalysisMeanStateSpace][biomass] Bias scored using Collier2018
[INFO][0][confront][Biomass/Tropical][RTM_ens36_case_4] Success
[INFO][4][AnalysisMeanStateSpace][hfss] RMSE scored using Collier2018
[INFO][4][confront][SensibleHeat/WECANN][RTM_ens36_case_4] Success
[INFO][6][AnalysisMeanStateSpace][rlus] Bias scored using Collier2018
[INFO][0][MakeComparable][Biomass/GlobalCarbon][RTM_ens36_case_0] Spatial data was clipped from the reference:  before: [  1 360 720] after: [  1 360 711]
[INFO][6][AnalysisMeanStateSpace][rlus] RMSE scored using Collier2018
[INFO][6][confront][SurfaceUpwardLWRadiation/GEWEX.SRB][RTM_ens36_case_0] Success
[INFO][5][AnalysisMeanStateSpace][rsns] Bias scored using Collier2018
[INFO][0][AnalysisMeanStateSpace][biomass] Bias scored using Collier2018
[INFO][0][confront][Biomass/GlobalCarbon][RTM_ens36_case_0] Success
[INFO][1][AnalysisMeanStateSpace][gpp] Bias scored using Collier2018
[INFO][6][MakeComparable][SurfaceUpwardLWRadiation/GEWEX.SRB][RTM_ens36_case_3] Spatial data was clipped from the reference:  before: [288 360 720] after: [288 360 711]
[INFO][5][AnalysisMeanStateSpace][rsns] RMSE scored using Collier2018
[INFO][5][confront][SurfaceNetSWRadiation/CERESed4.1][RTM_ens36_case_0] Success
[INFO][0][MakeComparable][Biomass/GlobalCarbon][RTM_ens36_case_3] Spatial data was clipped from the reference:  before: [  1 360 720] after: [  1 360 711]
[INFO][1][AnalysisMeanStateSpace][gpp] RMSE scored using Collier2018
[INFO][1][confront][GrossPrimaryProductivity/FLUXCOM][RTM_ens36_case_0] Success
[INFO][7][AnalysisMeanStateSpace][rns] Bias scored using Collier2018
[INFO][5][MakeComparable][SurfaceNetSWRadiation/CERESed4.1][RTM_ens36_case_3] Spatial data was clipped from the reference:  before: [228 360 720] after: [228 360 711]
[INFO][7][AnalysisMeanStateSpace][rns] RMSE scored using Collier2018
[INFO][7][confront][SurfaceNetRadiation/CERESed4.1][RTM_ens36_case_0] Success
[INFO][0][AnalysisMeanStateSpace][biomass] Bias scored using Collier2018
[INFO][0][confront][Biomass/GlobalCarbon][RTM_ens36_case_3] Success
[INFO][1][MakeComparable][GrossPrimaryProductivity/FLUXCOM][RTM_ens36_case_3] Spatial data was clipped from the reference:  before: [408 360 720] after: [408 360 711]
[INFO][3][AnalysisMeanStateSpace][hfls] Bias scored using Collier2018
[INFO][3][AnalysisMeanStateSpace][hfls] RMSE scored using Collier2018
[INFO][3][confront][LatentHeat/DOLCE][RTM_ens36_case_0] Success
[INFO][2][AnalysisMeanStateSpace][reco] Bias scored using Collier2018
[INFO][0][MakeComparable][Biomass/GlobalCarbon][RTM_ens36_case_4] Spatial data was clipped from the reference:  before: [  1 360 720] after: [  1 360 711]
[INFO][3][MakeComparable][LatentHeat/DOLCE][RTM_ens36_case_3] Spatial data was clipped from the reference:  before: [120 360 720] after: [120 360 711]
[INFO][2][AnalysisMeanStateSpace][reco] RMSE scored using Collier2018
[INFO][2][confront][EcosystemRespiration/FLUXCOM][RTM_ens36_case_0] Success
[INFO][0][AnalysisMeanStateSpace][biomass] Bias scored using Collier2018
[INFO][0][confront][Biomass/GlobalCarbon][RTM_ens36_case_4] Success
[INFO][4][AnalysisMeanStateSpace][albedo] Bias scored using Collier2018
[INFO][6][AnalysisMeanStateSpace][rlus] Bias scored using Collier2018
[INFO][0][MakeComparable][Biomass/NBCD2000][RTM_ens36_case_0] Spatial data was clipped from the reference:  before: [  1 360 720] after: [  1 360 711]
[INFO][4][AnalysisMeanStateSpace][albedo] RMSE scored using Collier2018
[INFO][4][confront][Albedo/CERES][RTM_ens36_case_0] Success
[INFO][6][AnalysisMeanStateSpace][rlus] RMSE scored using Collier2018
[INFO][2][MakeComparable][EcosystemRespiration/FLUXCOM][RTM_ens36_case_3] Spatial data was clipped from the reference:  before: [408 360 720] after: [408 360 711]
[INFO][6][confront][SurfaceUpwardLWRadiation/GEWEX.SRB][RTM_ens36_case_3] Success
[INFO][5][AnalysisMeanStateSpace][rsns] Bias scored using Collier2018
[INFO][7][MakeComparable][SurfaceNetRadiation/CERESed4.1][RTM_ens36_case_3] Spatial data was clipped from the reference:  before: [228 360 720] after: [228 360 711]
[INFO][0][AnalysisMeanStateSpace][biomass] Bias scored using Collier2018
[INFO][0][confront][Biomass/NBCD2000][RTM_ens36_case_0] Success
[INFO][5][AnalysisMeanStateSpace][rsns] RMSE scored using Collier2018
[INFO][5][confront][SurfaceNetSWRadiation/CERESed4.1][RTM_ens36_case_3] Success
[INFO][0][MakeComparable][Biomass/NBCD2000][RTM_ens36_case_3] Spatial data was clipped from the reference:  before: [  1 360 720] after: [  1 360 711]
[INFO][1][AnalysisMeanStateSpace][gpp] Bias scored using Collier2018
[INFO][6][MakeComparable][SurfaceUpwardLWRadiation/GEWEX.SRB][RTM_ens36_case_4] Spatial data was clipped from the reference:  before: [288 360 720] after: [288 360 711]
[INFO][5][MakeComparable][SurfaceNetSWRadiation/CERESed4.1][RTM_ens36_case_4] Spatial data was clipped from the reference:  before: [228 360 720] after: [228 360 711]
[INFO][1][AnalysisMeanStateSpace][gpp] RMSE scored using Collier2018
[INFO][1][confront][GrossPrimaryProductivity/FLUXCOM][RTM_ens36_case_3] Success
[INFO][0][AnalysisMeanStateSpace][biomass] Bias scored using Collier2018
[INFO][0][confront][Biomass/NBCD2000][RTM_ens36_case_3] Success
[INFO][1][MakeComparable][GrossPrimaryProductivity/FLUXCOM][RTM_ens36_case_4] Spatial data was clipped from the reference:  before: [408 360 720] after: [408 360 711]
[INFO][0][MakeComparable][Biomass/NBCD2000][RTM_ens36_case_4] Spatial data was clipped from the reference:  before: [  1 360 720] after: [  1 360 711]
[INFO][0][AnalysisMeanStateSpace][biomass] Bias scored using Collier2018
[INFO][0][confront][Biomass/NBCD2000][RTM_ens36_case_4] Success
[INFO][3][AnalysisMeanStateSpace][hfls] Bias scored using Collier2018
[INFO][3][AnalysisMeanStateSpace][hfls] RMSE scored using Collier2018
[INFO][3][confront][LatentHeat/DOLCE][RTM_ens36_case_3] Success
[INFO][0][MakeComparable][Biomass/USForest][RTM_ens36_case_0] Spatial data was clipped from the reference:  before: [  1 360 720] after: [  1 360 711]
[INFO][2][AnalysisMeanStateSpace][reco] Bias scored using Collier2018
[INFO][7][AnalysisMeanStateSpace][rns] Bias scored using Collier2018
[INFO][3][MakeComparable][LatentHeat/DOLCE][RTM_ens36_case_4] Spatial data was clipped from the reference:  before: [120 360 720] after: [120 360 711]
[INFO][0][AnalysisMeanStateSpace][biomass] Bias scored using Collier2018
[INFO][0][confront][Biomass/USForest][RTM_ens36_case_0] Success
[INFO][4][AnalysisMeanStateSpace][albedo] Bias scored using Collier2018
[INFO][2][AnalysisMeanStateSpace][reco] RMSE scored using Collier2018
[INFO][6][AnalysisMeanStateSpace][rlus] Bias scored using Collier2018
[INFO][2][confront][EcosystemRespiration/FLUXCOM][RTM_ens36_case_3] Success
[INFO][7][AnalysisMeanStateSpace][rns] RMSE scored using Collier2018
[INFO][7][confront][SurfaceNetRadiation/CERESed4.1][RTM_ens36_case_3] Success
[INFO][5][AnalysisMeanStateSpace][rsns] Bias scored using Collier2018
[INFO][0][MakeComparable][Biomass/USForest][RTM_ens36_case_3] Spatial data was clipped from the reference:  before: [  1 360 720] after: [  1 360 711]
[INFO][6][AnalysisMeanStateSpace][rlus] RMSE scored using Collier2018
[INFO][6][confront][SurfaceUpwardLWRadiation/GEWEX.SRB][RTM_ens36_case_4] Success
[INFO][4][AnalysisMeanStateSpace][albedo] RMSE scored using Collier2018
[INFO][4][confront][Albedo/CERES][RTM_ens36_case_3] Success
[INFO][5][AnalysisMeanStateSpace][rsns] RMSE scored using Collier2018
[INFO][5][confront][SurfaceNetSWRadiation/CERESed4.1][RTM_ens36_case_4] Success
[INFO][2][MakeComparable][EcosystemRespiration/FLUXCOM][RTM_ens36_case_4] Spatial data was clipped from the reference:  before: [408 360 720] after: [408 360 711]
[INFO][0][AnalysisMeanStateSpace][biomass] Bias scored using Collier2018
[INFO][0][confront][Biomass/USForest][RTM_ens36_case_3] Success
[INFO][6][AnalysisMeanStateSites][rlus] Bias scored using Collier2018
[INFO][6][AnalysisMeanStateSites][rlus] RMSE scored using Collier2018
[INFO][6][confront][SurfaceUpwardLWRadiation/WRMC.BSRN][RTM_ens36_case_0] Success
[INFO][5][AnalysisMeanStateSites][rsns] Bias scored using Collier2018
[INFO][5][AnalysisMeanStateSites][rsns] RMSE scored using Collier2018
[INFO][5][confront][SurfaceNetSWRadiation/FLUXNET2015][RTM_ens36_case_0] Success
[INFO][1][AnalysisMeanStateSpace][gpp] Bias scored using Collier2018
[INFO][6][AnalysisMeanStateSites][rlus] Bias scored using Collier2018
[INFO][6][AnalysisMeanStateSites][rlus] RMSE scored using Collier2018
[INFO][5][AnalysisMeanStateSites][rsns] Bias scored using Collier2018
[INFO][5][AnalysisMeanStateSites][rsns] RMSE scored using Collier2018
[INFO][6][confront][SurfaceUpwardLWRadiation/WRMC.BSRN][RTM_ens36_case_3] Success
[INFO][5][confront][SurfaceNetSWRadiation/FLUXNET2015][RTM_ens36_case_3] Success
[INFO][0][MakeComparable][Biomass/USForest][RTM_ens36_case_4] Spatial data was clipped from the reference:  before: [  1 360 720] after: [  1 360 711]
[INFO][6][AnalysisMeanStateSites][rlus] Bias scored using Collier2018
[INFO][6][AnalysisMeanStateSites][rlus] RMSE scored using Collier2018
[INFO][6][confront][SurfaceUpwardLWRadiation/WRMC.BSRN][RTM_ens36_case_4] Success
[INFO][5][AnalysisMeanStateSites][rsns] Bias scored using Collier2018
[INFO][5][AnalysisMeanStateSites][rsns] RMSE scored using Collier2018
[INFO][5][confront][SurfaceNetSWRadiation/FLUXNET2015][RTM_ens36_case_4] Success
[INFO][1][AnalysisMeanStateSpace][gpp] RMSE scored using Collier2018
[INFO][1][confront][GrossPrimaryProductivity/FLUXCOM][RTM_ens36_case_4] Success
[INFO][5][MakeComparable][SurfaceNetSWRadiation/GEWEX.SRB][RTM_ens36_case_0] Spatial data was clipped from the reference:  before: [288 360 720] after: [288 360 711]
[INFO][7][MakeComparable][SurfaceNetRadiation/CERESed4.1][RTM_ens36_case_4] Spatial data was clipped from the reference:  before: [228 360 720] after: [228 360 711]
[INFO][0][AnalysisMeanStateSpace][biomass] Bias scored using Collier2018
[INFO][0][confront][Biomass/USForest][RTM_ens36_case_4] Success
[INFO][1][MakeComparable][GrossPrimaryProductivity/WECANN][RTM_ens36_case_0] Spatial data was clipped from the reference:  before: [108 180 360] after: [108 180 356]
[INFO][6][MakeComparable][SurfaceNetLWRadiation/CERESed4.1][RTM_ens36_case_0] Spatial data was clipped from the reference:  before: [228 360 720] after: [228 360 711]
[INFO][0][MakeComparable][Biomass/Thurner][RTM_ens36_case_0] Spatial data was clipped from the reference:  before: [  1 360 720] after: [  1 360 711]
[INFO][1][AnalysisMeanStateSpace][gpp] Bias scored using Collier2018
[INFO][1][AnalysisMeanStateSpace][gpp] RMSE scored using Collier2018
[INFO][1][confront][GrossPrimaryProductivity/WECANN][RTM_ens36_case_0] Success
[INFO][0][AnalysisMeanStateSpace][biomass] Bias scored using Collier2018
[INFO][0][confront][Biomass/Thurner][RTM_ens36_case_0] Success
[INFO][3][AnalysisMeanStateSpace][hfls] Bias scored using Collier2018
[INFO][1][MakeComparable][GrossPrimaryProductivity/WECANN][RTM_ens36_case_3] Spatial data was clipped from the reference:  before: [108 180 360] after: [108 180 356]
[INFO][0][MakeComparable][Biomass/Thurner][RTM_ens36_case_3] Spatial data was clipped from the reference:  before: [  1 360 720] after: [  1 360 711]
[INFO][3][AnalysisMeanStateSpace][hfls] RMSE scored using Collier2018
[INFO][3][confront][LatentHeat/DOLCE][RTM_ens36_case_4] Success
[INFO][3][MakeComparable][LatentHeat/CLASS][RTM_ens36_case_0] Spatial data was clipped from the reference:  before: [ 84 360 720] after: [ 84 360 711]
[INFO][2][AnalysisMeanStateSpace][reco] Bias scored using Collier2018
[INFO][0][AnalysisMeanStateSpace][biomass] Bias scored using Collier2018
[INFO][0][confront][Biomass/Thurner][RTM_ens36_case_3] Success
[INFO][1][AnalysisMeanStateSpace][gpp] Bias scored using Collier2018
[INFO][1][AnalysisMeanStateSpace][gpp] RMSE scored using Collier2018
[INFO][1][confront][GrossPrimaryProductivity/WECANN][RTM_ens36_case_3] Success
[INFO][2][AnalysisMeanStateSpace][reco] RMSE scored using Collier2018
[INFO][2][confront][EcosystemRespiration/FLUXCOM][RTM_ens36_case_4] Success
[INFO][4][AnalysisMeanStateSpace][albedo] Bias scored using Collier2018
[INFO][0][MakeComparable][Biomass/Thurner][RTM_ens36_case_4] Spatial data was clipped from the reference:  before: [  1 360 720] after: [  1 360 711]
[INFO][1][MakeComparable][GrossPrimaryProductivity/WECANN][RTM_ens36_case_4] Spatial data was clipped from the reference:  before: [108 180 360] after: [108 180 356]
[INFO][5][AnalysisMeanStateSpace][rsns] Bias scored using Collier2018
[INFO][7][AnalysisMeanStateSpace][rns] Bias scored using Collier2018
[INFO][4][AnalysisMeanStateSpace][albedo] RMSE scored using Collier2018
[INFO][4][confront][Albedo/CERES][RTM_ens36_case_4] Success
[INFO][6][AnalysisMeanStateSpace][rlns] Bias scored using Collier2018
[INFO][0][AnalysisMeanStateSpace][biomass] Bias scored using Collier2018
[INFO][0][confront][Biomass/Thurner][RTM_ens36_case_4] Success
[INFO][5][AnalysisMeanStateSpace][rsns] RMSE scored using Collier2018
[INFO][5][confront][SurfaceNetSWRadiation/GEWEX.SRB][RTM_ens36_case_0] Success
[INFO][1][AnalysisMeanStateSpace][gpp] Bias scored using Collier2018
[INFO][7][AnalysisMeanStateSpace][rns] RMSE scored using Collier2018
[INFO][7][confront][SurfaceNetRadiation/CERESed4.1][RTM_ens36_case_4] Success
[INFO][1][AnalysisMeanStateSpace][gpp] RMSE scored using Collier2018
[INFO][1][confront][GrossPrimaryProductivity/WECANN][RTM_ens36_case_4] Success
[INFO][6][AnalysisMeanStateSpace][rlns] RMSE scored using Collier2018
[INFO][6][confront][SurfaceNetLWRadiation/CERESed4.1][RTM_ens36_case_0] Success
[DEBUG][0][WorkConfront][Biomass/ESACCI][RTM_ens36_case_0]
ValueError: Error from parse_expr with transformed code: 'FATES_FRACTION *FATES_VEGC '

The above exception was the direct cause of the following exception:

Traceback (most recent call last):
  File "/glade/u/home/rfisher/.local/bin/ilamb-run", line 561, in WorkConfront
    c.confront(m)
  File "/glade/u/home/rfisher/.local/lib/python3.9/site-packages/ILAMB/Confrontation.py", line 431, in confront
    obs, mod = self.stageData(m)
  File "/glade/u/home/rfisher/.local/lib/python3.9/site-packages/ILAMB/Confrontation.py", line 369, in stageData
    mod = m.extractTimeSeries(
  File "/glade/u/home/rfisher/.local/lib/python3.9/site-packages/ILAMB/ModelResult.py", line 413, in extractTimeSeries
    v = self.derivedVariable(
  File "/glade/u/home/rfisher/.local/lib/python3.9/site-packages/ILAMB/ModelResult.py", line 553, in derivedVariable
    result, unit = il.SympifyWithArgsUnits(expression, args, units)
  File "/glade/u/home/rfisher/.local/lib/python3.9/site-packages/ILAMB/ilamblib.py", line 632, in SympifyWithArgsUnits
    return sympify(str(expression), locals=args), units[ekey]
  File "/glade/u/home/rfisher/.local/lib/python3.9/site-packages/sympy/core/sympify.py", line 495, in sympify
    expr = parse_expr(a, local_dict=locals, transformations=transformations, evaluate=evaluate)
  File "/glade/u/home/rfisher/.local/lib/python3.9/site-packages/sympy/parsing/sympy_parser.py", line 1087, in parse_expr
    raise e from ValueError(f"Error from parse_expr with transformed code: {code!r}")
  File "/glade/u/home/rfisher/.local/lib/python3.9/site-packages/sympy/parsing/sympy_parser.py", line 1078, in parse_expr
    rv = eval_expr(code, local_dict, global_dict)
  File "/glade/u/home/rfisher/.local/lib/python3.9/site-packages/sympy/parsing/sympy_parser.py", line 906, in eval_expr
    expr = eval(
  File "<string>", line 1, in <module>
FloatingPointError: overflow encountered in multiply

[INFO][5][MakeComparable][SurfaceNetSWRadiation/GEWEX.SRB][RTM_ens36_case_3] Spatial data was clipped from the reference:  before: [288 360 720] after: [288 360 711]
[DEBUG][0][WorkConfront][Biomass/ESACCI][RTM_ens36_case_3]
ValueError: Error from parse_expr with transformed code: 'FATES_FRACTION *FATES_VEGC '

The above exception was the direct cause of the following exception:

Traceback (most recent call last):
  File "/glade/u/home/rfisher/.local/bin/ilamb-run", line 561, in WorkConfront
    c.confront(m)
  File "/glade/u/home/rfisher/.local/lib/python3.9/site-packages/ILAMB/Confrontation.py", line 431, in confront
    obs, mod = self.stageData(m)
  File "/glade/u/home/rfisher/.local/lib/python3.9/site-packages/ILAMB/Confrontation.py", line 369, in stageData
    mod = m.extractTimeSeries(
  File "/glade/u/home/rfisher/.local/lib/python3.9/site-packages/ILAMB/ModelResult.py", line 413, in extractTimeSeries
    v = self.derivedVariable(
  File "/glade/u/home/rfisher/.local/lib/python3.9/site-packages/ILAMB/ModelResult.py", line 553, in derivedVariable
    result, unit = il.SympifyWithArgsUnits(expression, args, units)
  File "/glade/u/home/rfisher/.local/lib/python3.9/site-packages/ILAMB/ilamblib.py", line 632, in SympifyWithArgsUnits
    return sympify(str(expression), locals=args), units[ekey]
  File "/glade/u/home/rfisher/.local/lib/python3.9/site-packages/sympy/core/sympify.py", line 495, in sympify
    expr = parse_expr(a, local_dict=locals, transformations=transformations, evaluate=evaluate)
  File "/glade/u/home/rfisher/.local/lib/python3.9/site-packages/sympy/parsing/sympy_parser.py", line 1087, in parse_expr
    raise e from ValueError(f"Error from parse_expr with transformed code: {code!r}")
  File "/glade/u/home/rfisher/.local/lib/python3.9/site-packages/sympy/parsing/sympy_parser.py", line 1078, in parse_expr
    rv = eval_expr(code, local_dict, global_dict)
  File "/glade/u/home/rfisher/.local/lib/python3.9/site-packages/sympy/parsing/sympy_parser.py", line 906, in eval_expr
    expr = eval(
  File "<string>", line 1, in <module>
FloatingPointError: overflow encountered in multiply

[INFO][1][MakeComparable][LeafAreaIndex/AVHRR][RTM_ens36_case_0] Spatial data was clipped from the reference:  before: [348 360 720] after: [348 360 711]
[INFO][6][MakeComparable][SurfaceNetLWRadiation/CERESed4.1][RTM_ens36_case_3] Spatial data was clipped from the reference:  before: [228 360 720] after: [228 360 711]
[INFO][3][AnalysisMeanStateSpace][hfls] Bias scored using Collier2018
[INFO][2][MakeComparable][Evapotranspiration/GLEAMv3.3a][RTM_ens36_case_0] Spatial data was clipped from the reference:  before: [468 360 720] after: [468 360 711]
[INFO][3][AnalysisMeanStateSpace][hfls] RMSE scored using Collier2018
[INFO][3][confront][LatentHeat/CLASS][RTM_ens36_case_0] Success
[DEBUG][0][WorkConfront][Biomass/ESACCI][RTM_ens36_case_4]
ValueError: Error from parse_expr with transformed code: 'FATES_FRACTION *FATES_VEGC '

The above exception was the direct cause of the following exception:

Traceback (most recent call last):
  File "/glade/u/home/rfisher/.local/bin/ilamb-run", line 561, in WorkConfront
    c.confront(m)
  File "/glade/u/home/rfisher/.local/lib/python3.9/site-packages/ILAMB/Confrontation.py", line 431, in confront
    obs, mod = self.stageData(m)
  File "/glade/u/home/rfisher/.local/lib/python3.9/site-packages/ILAMB/Confrontation.py", line 369, in stageData
    mod = m.extractTimeSeries(
  File "/glade/u/home/rfisher/.local/lib/python3.9/site-packages/ILAMB/ModelResult.py", line 413, in extractTimeSeries
    v = self.derivedVariable(
  File "/glade/u/home/rfisher/.local/lib/python3.9/site-packages/ILAMB/ModelResult.py", line 553, in derivedVariable
    result, unit = il.SympifyWithArgsUnits(expression, args, units)
  File "/glade/u/home/rfisher/.local/lib/python3.9/site-packages/ILAMB/ilamblib.py", line 632, in SympifyWithArgsUnits
    return sympify(str(expression), locals=args), units[ekey]
  File "/glade/u/home/rfisher/.local/lib/python3.9/site-packages/sympy/core/sympify.py", line 495, in sympify
    expr = parse_expr(a, local_dict=locals, transformations=transformations, evaluate=evaluate)
  File "/glade/u/home/rfisher/.local/lib/python3.9/site-packages/sympy/parsing/sympy_parser.py", line 1087, in parse_expr
    raise e from ValueError(f"Error from parse_expr with transformed code: {code!r}")
  File "/glade/u/home/rfisher/.local/lib/python3.9/site-packages/sympy/parsing/sympy_parser.py", line 1078, in parse_expr
    rv = eval_expr(code, local_dict, global_dict)
  File "/glade/u/home/rfisher/.local/lib/python3.9/site-packages/sympy/parsing/sympy_parser.py", line 906, in eval_expr
    expr = eval(
  File "<string>", line 1, in <module>
FloatingPointError: overflow encountered in multiply

[INFO][3][MakeComparable][LatentHeat/CLASS][RTM_ens36_case_3] Spatial data was clipped from the reference:  before: [ 84 360 720] after: [ 84 360 711]
[INFO][0][AnalysisMeanStateSites][gpp] Bias scored using Collier2018
[INFO][0][AnalysisMeanStateSites][gpp] RMSE scored using Collier2018
[INFO][0][confront][GrossPrimaryProductivity/FLUXNET2015][RTM_ens36_case_0] Success
[INFO][7][AnalysisMeanStateSites][rns] Bias scored using Collier2018
[INFO][7][AnalysisMeanStateSites][rns] RMSE scored using Collier2018
[INFO][7][confront][SurfaceNetRadiation/FLUXNET2015][RTM_ens36_case_0] Success
[INFO][5][AnalysisMeanStateSpace][rsns] Bias scored using Collier2018
[INFO][7][AnalysisMeanStateSites][rns] Bias scored using Collier2018
[INFO][7][AnalysisMeanStateSites][rns] RMSE scored using Collier2018
[INFO][7][confront][SurfaceNetRadiation/FLUXNET2015][RTM_ens36_case_3] Success
[INFO][1][AnalysisMeanStateSpace][lai] Bias scored using Collier2018
[INFO][5][AnalysisMeanStateSpace][rsns] RMSE scored using Collier2018
[INFO][5][confront][SurfaceNetSWRadiation/GEWEX.SRB][RTM_ens36_case_3] Success
[INFO][4][AnalysisMeanStateSpace][albedo] Bias scored using Collier2018
[INFO][1][AnalysisMeanStateSpace][lai] RMSE scored using Collier2018
[INFO][1][confront][LeafAreaIndex/AVHRR][RTM_ens36_case_0] Success
[INFO][6][AnalysisMeanStateSpace][rlns] Bias scored using Collier2018
[INFO][5][MakeComparable][SurfaceNetSWRadiation/GEWEX.SRB][RTM_ens36_case_4] Spatial data was clipped from the reference:  before: [288 360 720] after: [288 360 711]
[INFO][4][AnalysisMeanStateSpace][albedo] RMSE scored using Collier2018
[INFO][4][confront][Albedo/GEWEX.SRB][RTM_ens36_case_0] Success
[INFO][3][AnalysisMeanStateSpace][hfls] Bias scored using Collier2018
[INFO][2][AnalysisMeanStateSpace][et] Bias scored using Collier2018
[INFO][6][AnalysisMeanStateSpace][rlns] RMSE scored using Collier2018
[INFO][6][confront][SurfaceNetLWRadiation/CERESed4.1][RTM_ens36_case_3] Success
[INFO][3][AnalysisMeanStateSpace][hfls] RMSE scored using Collier2018
[INFO][3][confront][LatentHeat/CLASS][RTM_ens36_case_3] Success
[INFO][2][AnalysisMeanStateSpace][et] RMSE scored using Collier2018
[INFO][2][confront][Evapotranspiration/GLEAMv3.3a][RTM_ens36_case_0] Success
[INFO][3][MakeComparable][LatentHeat/CLASS][RTM_ens36_case_4] Spatial data was clipped from the reference:  before: [ 84 360 720] after: [ 84 360 711]
[INFO][7][AnalysisMeanStateSites][rns] Bias scored using Collier2018
[INFO][7][AnalysisMeanStateSites][rns] RMSE scored using Collier2018
[INFO][6][MakeComparable][SurfaceNetLWRadiation/CERESed4.1][RTM_ens36_case_4] Spatial data was clipped from the reference:  before: [228 360 720] after: [228 360 711]
[INFO][7][confront][SurfaceNetRadiation/FLUXNET2015][RTM_ens36_case_4] Success
[INFO][1][MakeComparable][LeafAreaIndex/AVHRR][RTM_ens36_case_3] Spatial data was clipped from the reference:  before: [348 360 720] after: [348 360 711]
[INFO][2][MakeComparable][Evapotranspiration/GLEAMv3.3a][RTM_ens36_case_3] Spatial data was clipped from the reference:  before: [468 360 720] after: [468 360 711]
[INFO][5][AnalysisMeanStateSpace][rsns] Bias scored using Collier2018
[INFO][5][AnalysisMeanStateSpace][rsns] RMSE scored using Collier2018
[INFO][5][confront][SurfaceNetSWRadiation/GEWEX.SRB][RTM_ens36_case_4] Success
[INFO][5][AnalysisMeanStateSites][rsns] Bias scored using Collier2018
[INFO][5][AnalysisMeanStateSites][rsns] RMSE scored using Collier2018
[INFO][5][confront][SurfaceNetSWRadiation/WRMC.BSRN][RTM_ens36_case_0] Success
[INFO][3][AnalysisMeanStateSpace][hfls] Bias scored using Collier2018
[INFO][7][MakeComparable][SurfaceNetRadiation/GEWEX.SRB][RTM_ens36_case_0] Spatial data was clipped from the reference:  before: [288 360 720] after: [288 360 711]
[INFO][5][AnalysisMeanStateSites][rsns] Bias scored using Collier2018
[INFO][5][AnalysisMeanStateSites][rsns] RMSE scored using Collier2018
[INFO][5][confront][SurfaceNetSWRadiation/WRMC.BSRN][RTM_ens36_case_3] Success
[INFO][4][AnalysisMeanStateSpace][albedo] Bias scored using Collier2018
[INFO][3][AnalysisMeanStateSpace][hfls] RMSE scored using Collier2018
[INFO][3][confront][LatentHeat/CLASS][RTM_ens36_case_4] Success
[INFO][1][AnalysisMeanStateSpace][lai] Bias scored using Collier2018
[INFO][5][AnalysisMeanStateSites][rsns] Bias scored using Collier2018
[INFO][5][AnalysisMeanStateSites][rsns] RMSE scored using Collier2018
[INFO][5][confront][SurfaceNetSWRadiation/WRMC.BSRN][RTM_ens36_case_4] Success
[INFO][4][AnalysisMeanStateSpace][albedo] RMSE scored using Collier2018
[INFO][4][confront][Albedo/GEWEX.SRB][RTM_ens36_case_3] Success
[INFO][3][MakeComparable][LatentHeat/WECANN][RTM_ens36_case_0] Spatial data was clipped from the reference:  before: [108 180 360] after: [108 180 356]
[INFO][6][AnalysisMeanStateSpace][rlns] Bias scored using Collier2018
[INFO][1][AnalysisMeanStateSpace][lai] RMSE scored using Collier2018
[INFO][5][MakeComparable][SurfaceUpwardLWRadiation/CERESed4.1][RTM_ens36_case_0] Spatial data was clipped from the reference:  before: [228 360 720] after: [228 360 711]
[INFO][1][confront][LeafAreaIndex/AVHRR][RTM_ens36_case_3] Success
[INFO][6][AnalysisMeanStateSpace][rlns] RMSE scored using Collier2018
[INFO][6][confront][SurfaceNetLWRadiation/CERESed4.1][RTM_ens36_case_4] Success
[INFO][3][AnalysisMeanStateSpace][hfls] Bias scored using Collier2018
[INFO][3][AnalysisMeanStateSpace][hfls] RMSE scored using Collier2018
[INFO][3][confront][LatentHeat/WECANN][RTM_ens36_case_0] Success
[INFO][6][AnalysisMeanStateSites][rlns] Bias scored using Collier2018
[INFO][6][AnalysisMeanStateSites][rlns] RMSE scored using Collier2018
[INFO][6][confront][SurfaceNetLWRadiation/FLUXNET2015][RTM_ens36_case_0] Success
[INFO][3][MakeComparable][LatentHeat/WECANN][RTM_ens36_case_3] Spatial data was clipped from the reference:  before: [108 180 360] after: [108 180 356]
[INFO][2][AnalysisMeanStateSpace][et] Bias scored using Collier2018
[INFO][1][MakeComparable][LeafAreaIndex/AVHRR][RTM_ens36_case_4] Spatial data was clipped from the reference:  before: [348 360 720] after: [348 360 711]
[INFO][6][AnalysisMeanStateSites][rlns] Bias scored using Collier2018
[INFO][6][AnalysisMeanStateSites][rlns] RMSE scored using Collier2018
[INFO][6][confront][SurfaceNetLWRadiation/FLUXNET2015][RTM_ens36_case_3] Success
[INFO][2][AnalysisMeanStateSpace][et] RMSE scored using Collier2018
[INFO][2][confront][Evapotranspiration/GLEAMv3.3a][RTM_ens36_case_3] Success
[INFO][3][AnalysisMeanStateSpace][hfls] Bias scored using Collier2018
[INFO][3][AnalysisMeanStateSpace][hfls] RMSE scored using Collier2018
[INFO][3][confront][LatentHeat/WECANN][RTM_ens36_case_3] Success
[INFO][6][AnalysisMeanStateSites][rlns] Bias scored using Collier2018
[INFO][6][AnalysisMeanStateSites][rlns] RMSE scored using Collier2018
[INFO][6][confront][SurfaceNetLWRadiation/FLUXNET2015][RTM_ens36_case_4] Success
[INFO][3][MakeComparable][LatentHeat/WECANN][RTM_ens36_case_4] Spatial data was clipped from the reference:  before: [108 180 360] after: [108 180 356]
[INFO][7][AnalysisMeanStateSpace][rns] Bias scored using Collier2018
[INFO][7][AnalysisMeanStateSpace][rns] RMSE scored using Collier2018
[INFO][7][confront][SurfaceNetRadiation/GEWEX.SRB][RTM_ens36_case_0] Success
[INFO][3][AnalysisMeanStateSpace][hfls] Bias scored using Collier2018
[INFO][3][AnalysisMeanStateSpace][hfls] RMSE scored using Collier2018
[INFO][3][confront][LatentHeat/WECANN][RTM_ens36_case_4] Success
[INFO][5][AnalysisMeanStateSpace][rlus] Bias scored using Collier2018
[INFO][3][AnalysisMeanStateSites][hfss] Bias scored using Collier2018
[INFO][3][AnalysisMeanStateSites][hfss] RMSE scored using Collier2018
[INFO][3][confront][SensibleHeat/FLUXNET2015][RTM_ens36_case_0] Success
[INFO][2][MakeComparable][Evapotranspiration/GLEAMv3.3a][RTM_ens36_case_4] Spatial data was clipped from the reference:  before: [468 360 720] after: [468 360 711]
[INFO][6][MakeComparable][SurfaceNetLWRadiation/GEWEX.SRB][RTM_ens36_case_0] Spatial data was clipped from the reference:  before: [288 360 720] after: [288 360 711]
[INFO][5][AnalysisMeanStateSpace][rlus] RMSE scored using Collier2018
[INFO][5][confront][SurfaceUpwardLWRadiation/CERESed4.1][RTM_ens36_case_0] Success
[INFO][3][AnalysisMeanStateSites][hfss] Bias scored using Collier2018
[INFO][3][AnalysisMeanStateSites][hfss] RMSE scored using Collier2018
[INFO][3][confront][SensibleHeat/FLUXNET2015][RTM_ens36_case_3] Success
[INFO][5][MakeComparable][SurfaceUpwardLWRadiation/CERESed4.1][RTM_ens36_case_3] Spatial data was clipped from the reference:  before: [228 360 720] after: [228 360 711]
[INFO][4][AnalysisMeanStateSpace][albedo] Bias scored using Collier2018
[INFO][3][AnalysisMeanStateSites][hfss] Bias scored using Collier2018
[INFO][3][AnalysisMeanStateSites][hfss] RMSE scored using Collier2018
[INFO][3][confront][SensibleHeat/FLUXNET2015][RTM_ens36_case_4] Success
[INFO][7][MakeComparable][SurfaceNetRadiation/GEWEX.SRB][RTM_ens36_case_3] Spatial data was clipped from the reference:  before: [288 360 720] after: [288 360 711]
[INFO][4][AnalysisMeanStateSpace][albedo] RMSE scored using Collier2018
[INFO][4][confront][Albedo/GEWEX.SRB][RTM_ens36_case_4] Success
[INFO][1][AnalysisMeanStateSpace][lai] Bias scored using Collier2018
[INFO][3][MakeComparable][SensibleHeat/FLUXCOM][RTM_ens36_case_0] Spatial data was clipped from the reference:  before: [420 360 720] after: [420 360 711]
[INFO][1][AnalysisMeanStateSpace][lai] RMSE scored using Collier2018
[INFO][1][confront][LeafAreaIndex/AVHRR][RTM_ens36_case_4] Success
[INFO][4][MakeComparable][SurfaceUpwardSWRadiation/CERESed4.1][RTM_ens36_case_0] Spatial data was clipped from the reference:  before: [228 360 720] after: [228 360 711]
[INFO][1][MakeComparable][LeafAreaIndex/AVH15C1][RTM_ens36_case_0] Spatial data was clipped from the reference:  before: [468 360 720] after: [468 360 711]
[INFO][6][AnalysisMeanStateSpace][rlns] Bias scored using Collier2018
[INFO][6][AnalysisMeanStateSpace][rlns] RMSE scored using Collier2018
[INFO][6][confront][SurfaceNetLWRadiation/GEWEX.SRB][RTM_ens36_case_0] Success
[INFO][2][AnalysisMeanStateSpace][et] Bias scored using Collier2018
[INFO][5][AnalysisMeanStateSpace][rlus] Bias scored using Collier2018
[INFO][7][AnalysisMeanStateSpace][rns] Bias scored using Collier2018
[INFO][2][AnalysisMeanStateSpace][et] RMSE scored using Collier2018
[INFO][2][confront][Evapotranspiration/GLEAMv3.3a][RTM_ens36_case_4] Success
[INFO][6][MakeComparable][SurfaceNetLWRadiation/GEWEX.SRB][RTM_ens36_case_3] Spatial data was clipped from the reference:  before: [288 360 720] after: [288 360 711]
[INFO][5][AnalysisMeanStateSpace][rlus] RMSE scored using Collier2018
[INFO][5][confront][SurfaceUpwardLWRadiation/CERESed4.1][RTM_ens36_case_3] Success
[INFO][7][AnalysisMeanStateSpace][rns] RMSE scored using Collier2018
[INFO][7][confront][SurfaceNetRadiation/GEWEX.SRB][RTM_ens36_case_3] Success
[INFO][3][AnalysisMeanStateSpace][hfss] Bias scored using Collier2018
[INFO][3][AnalysisMeanStateSpace][hfss] RMSE scored using Collier2018
[INFO][3][confront][SensibleHeat/FLUXCOM][RTM_ens36_case_0] Success
[INFO][4][AnalysisMeanStateSpace][rsus] Bias scored using Collier2018
[INFO][2][MakeComparable][Evapotranspiration/MOD16A2][RTM_ens36_case_0] Spatial data was clipped from the reference:  before: [180 360 720] after: [180 360 711]
[INFO][5][MakeComparable][SurfaceUpwardLWRadiation/CERESed4.1][RTM_ens36_case_4] Spatial data was clipped from the reference:  before: [228 360 720] after: [228 360 711]
[INFO][3][MakeComparable][SensibleHeat/FLUXCOM][RTM_ens36_case_3] Spatial data was clipped from the reference:  before: [420 360 720] after: [420 360 711]
[INFO][4][AnalysisMeanStateSpace][rsus] RMSE scored using Collier2018
[INFO][4][confront][SurfaceUpwardSWRadiation/CERESed4.1][RTM_ens36_case_0] Success
[INFO][1][AnalysisMeanStateSpace][lai] Bias scored using Collier2018
[INFO][4][MakeComparable][SurfaceUpwardSWRadiation/CERESed4.1][RTM_ens36_case_3] Spatial data was clipped from the reference:  before: [228 360 720] after: [228 360 711]
[INFO][1][AnalysisMeanStateSpace][lai] RMSE scored using Collier2018
[INFO][1][confront][LeafAreaIndex/AVH15C1][RTM_ens36_case_0] Success
[INFO][7][MakeComparable][SurfaceNetRadiation/GEWEX.SRB][RTM_ens36_case_4] Spatial data was clipped from the reference:  before: [288 360 720] after: [288 360 711]
[INFO][6][AnalysisMeanStateSpace][rlns] Bias scored using Collier2018
[INFO][6][AnalysisMeanStateSpace][rlns] RMSE scored using Collier2018
[INFO][6][confront][SurfaceNetLWRadiation/GEWEX.SRB][RTM_ens36_case_3] Success
[INFO][1][MakeComparable][LeafAreaIndex/AVH15C1][RTM_ens36_case_3] Spatial data was clipped from the reference:  before: [468 360 720] after: [468 360 711]
[INFO][6][MakeComparable][SurfaceNetLWRadiation/GEWEX.SRB][RTM_ens36_case_4] Spatial data was clipped from the reference:  before: [288 360 720] after: [288 360 711]
[INFO][5][AnalysisMeanStateSpace][rlus] Bias scored using Collier2018
[INFO][3][AnalysisMeanStateSpace][hfss] Bias scored using Collier2018
[INFO][2][AnalysisMeanStateSpace][et] Bias scored using Collier2018
[INFO][5][AnalysisMeanStateSpace][rlus] RMSE scored using Collier2018
[INFO][5][confront][SurfaceUpwardLWRadiation/CERESed4.1][RTM_ens36_case_4] Success
[INFO][3][AnalysisMeanStateSpace][hfss] RMSE scored using Collier2018
[INFO][3][confront][SensibleHeat/FLUXCOM][RTM_ens36_case_3] Success
[INFO][4][AnalysisMeanStateSpace][rsus] Bias scored using Collier2018
[INFO][2][AnalysisMeanStateSpace][et] RMSE scored using Collier2018
[INFO][2][confront][Evapotranspiration/MOD16A2][RTM_ens36_case_0] Success
[INFO][3][MakeComparable][SensibleHeat/FLUXCOM][RTM_ens36_case_4] Spatial data was clipped from the reference:  before: [420 360 720] after: [420 360 711]
[INFO][7][AnalysisMeanStateSpace][rns] Bias scored using Collier2018
[INFO][4][AnalysisMeanStateSpace][rsus] RMSE scored using Collier2018
[INFO][4][confront][SurfaceUpwardSWRadiation/CERESed4.1][RTM_ens36_case_3] Success
[INFO][7][AnalysisMeanStateSpace][rns] RMSE scored using Collier2018
[INFO][7][confront][SurfaceNetRadiation/GEWEX.SRB][RTM_ens36_case_4] Success
[INFO][4][MakeComparable][SurfaceUpwardSWRadiation/CERESed4.1][RTM_ens36_case_4] Spatial data was clipped from the reference:  before: [228 360 720] after: [228 360 711]
[INFO][5][AnalysisMeanStateSites][rlus] Bias scored using Collier2018
[INFO][5][AnalysisMeanStateSites][rlus] RMSE scored using Collier2018
[INFO][5][confront][SurfaceUpwardLWRadiation/FLUXNET2015][RTM_ens36_case_0] Success
[INFO][1][AnalysisMeanStateSpace][lai] Bias scored using Collier2018
[INFO][2][MakeComparable][Evapotranspiration/MOD16A2][RTM_ens36_case_3] Spatial data was clipped from the reference:  before: [180 360 720] after: [180 360 711]
[INFO][6][AnalysisMeanStateSpace][rlns] Bias scored using Collier2018
[INFO][1][AnalysisMeanStateSpace][lai] RMSE scored using Collier2018
[INFO][1][confront][LeafAreaIndex/AVH15C1][RTM_ens36_case_3] Success
[INFO][7][AnalysisMeanStateSites][rns] Bias scored using Collier2018
[INFO][7][AnalysisMeanStateSites][rns] RMSE scored using Collier2018
[INFO][7][confront][SurfaceNetRadiation/WRMC.BSRN][RTM_ens36_case_0] Success
[INFO][6][AnalysisMeanStateSpace][rlns] RMSE scored using Collier2018
[INFO][6][confront][SurfaceNetLWRadiation/GEWEX.SRB][RTM_ens36_case_4] Success
[INFO][6][AnalysisMeanStateSites][rlns] Bias scored using Collier2018
[INFO][6][AnalysisMeanStateSites][rlns] RMSE scored using Collier2018
[INFO][6][confront][SurfaceNetLWRadiation/WRMC.BSRN][RTM_ens36_case_0] Success
[INFO][3][AnalysisMeanStateSpace][hfss] Bias scored using Collier2018
[INFO][3][AnalysisMeanStateSpace][hfss] RMSE scored using Collier2018
[INFO][3][confront][SensibleHeat/FLUXCOM][RTM_ens36_case_4] Success
[INFO][4][AnalysisMeanStateSpace][rsus] Bias scored using Collier2018
[INFO][3][MakeComparable][SensibleHeat/CLASS][RTM_ens36_case_0] Spatial data was clipped from the reference:  before: [ 84 360 720] after: [ 84 360 711]
[INFO][6][AnalysisMeanStateSites][rlns] Bias scored using Collier2018
[INFO][6][AnalysisMeanStateSites][rlns] RMSE scored using Collier2018
[INFO][6][confront][SurfaceNetLWRadiation/WRMC.BSRN][RTM_ens36_case_3] Success
[INFO][1][MakeComparable][LeafAreaIndex/AVH15C1][RTM_ens36_case_4] Spatial data was clipped from the reference:  before: [468 360 720] after: [468 360 711]
[INFO][4][AnalysisMeanStateSpace][rsus] RMSE scored using Collier2018
[INFO][4][confront][SurfaceUpwardSWRadiation/CERESed4.1][RTM_ens36_case_4] Success
[INFO][7][AnalysisMeanStateSites][rns] Bias scored using Collier2018
[INFO][7][AnalysisMeanStateSites][rns] RMSE scored using Collier2018
[INFO][7][confront][SurfaceNetRadiation/WRMC.BSRN][RTM_ens36_case_3] Success
[INFO][4][AnalysisMeanStateSites][rsus] Bias scored using Collier2018
[INFO][4][AnalysisMeanStateSites][rsus] RMSE scored using Collier2018
[INFO][4][confront][SurfaceUpwardSWRadiation/FLUXNET2015][RTM_ens36_case_0] Success
[INFO][4][AnalysisMeanStateSites][rsus] Bias scored using Collier2018
[INFO][4][AnalysisMeanStateSites][rsus] RMSE scored using Collier2018
[INFO][4][confront][SurfaceUpwardSWRadiation/FLUXNET2015][RTM_ens36_case_3] Success
[INFO][2][AnalysisMeanStateSpace][et] Bias scored using Collier2018
[INFO][4][AnalysisMeanStateSites][rsus] Bias scored using Collier2018
[INFO][4][AnalysisMeanStateSites][rsus] RMSE scored using Collier2018
[INFO][4][confront][SurfaceUpwardSWRadiation/FLUXNET2015][RTM_ens36_case_4] Success
[INFO][2][AnalysisMeanStateSpace][et] RMSE scored using Collier2018
[INFO][2][confront][Evapotranspiration/MOD16A2][RTM_ens36_case_3] Success
[INFO][4][MakeComparable][SurfaceUpwardSWRadiation/GEWEX.SRB][RTM_ens36_case_0] Spatial data was clipped from the reference:  before: [288 360 720] after: [288 360 711]
[INFO][7][AnalysisMeanStateSites][rns] Bias scored using Collier2018
[INFO][7][AnalysisMeanStateSites][rns] RMSE scored using Collier2018
[INFO][7][confront][SurfaceNetRadiation/WRMC.BSRN][RTM_ens36_case_4] Success
[INFO][3][AnalysisMeanStateSpace][hfss] Bias scored using Collier2018
[INFO][3][AnalysisMeanStateSpace][hfss] RMSE scored using Collier2018
[INFO][3][confront][SensibleHeat/CLASS][RTM_ens36_case_0] Success
[INFO][1][AnalysisMeanStateSpace][lai] Bias scored using Collier2018
[INFO][7][MakeComparable][SurfaceNetRadiation/CLASS][RTM_ens36_case_0] Spatial data was clipped from the reference:  before: [ 84 360 720] after: [ 84 360 711]
[INFO][2][MakeComparable][Evapotranspiration/MOD16A2][RTM_ens36_case_4] Spatial data was clipped from the reference:  before: [180 360 720] after: [180 360 711]
[INFO][3][MakeComparable][SensibleHeat/CLASS][RTM_ens36_case_3] Spatial data was clipped from the reference:  before: [ 84 360 720] after: [ 84 360 711]
[INFO][1][AnalysisMeanStateSpace][lai] RMSE scored using Collier2018
[INFO][1][confront][LeafAreaIndex/AVH15C1][RTM_ens36_case_4] Success
[INFO][4][AnalysisMeanStateSpace][rsus] Bias scored using Collier2018
[INFO][1][MakeComparable][LeafAreaIndex/MODIS][RTM_ens36_case_0] Spatial data was clipped from the reference:  before: [ 72 360 720] after: [ 72 360 711]
[INFO][4][AnalysisMeanStateSpace][rsus] RMSE scored using Collier2018
[INFO][4][confront][SurfaceUpwardSWRadiation/GEWEX.SRB][RTM_ens36_case_0] Success
[INFO][7][AnalysisMeanStateSpace][rns] Bias scored using Collier2018
[INFO][4][MakeComparable][SurfaceUpwardSWRadiation/GEWEX.SRB][RTM_ens36_case_3] Spatial data was clipped from the reference:  before: [288 360 720] after: [288 360 711]
[INFO][3][AnalysisMeanStateSpace][hfss] Bias scored using Collier2018
[INFO][7][AnalysisMeanStateSpace][rns] RMSE scored using Collier2018
[INFO][7][confront][SurfaceNetRadiation/CLASS][RTM_ens36_case_0] Success
[INFO][3][AnalysisMeanStateSpace][hfss] RMSE scored using Collier2018
[INFO][3][confront][SensibleHeat/CLASS][RTM_ens36_case_3] Success
[INFO][2][AnalysisMeanStateSpace][et] Bias scored using Collier2018
[INFO][3][MakeComparable][SensibleHeat/CLASS][RTM_ens36_case_4] Spatial data was clipped from the reference:  before: [ 84 360 720] after: [ 84 360 711]
[INFO][7][MakeComparable][SurfaceNetRadiation/CLASS][RTM_ens36_case_3] Spatial data was clipped from the reference:  before: [ 84 360 720] after: [ 84 360 711]
[INFO][2][AnalysisMeanStateSpace][et] RMSE scored using Collier2018
[INFO][2][confront][Evapotranspiration/MOD16A2][RTM_ens36_case_4] Success
[INFO][2][AnalysisMeanStateSites][hfls] Bias scored using Collier2018
[INFO][2][AnalysisMeanStateSites][hfls] RMSE scored using Collier2018
[INFO][2][confront][LatentHeat/FLUXNET2015][RTM_ens36_case_0] Success
[INFO][2][AnalysisMeanStateSites][hfls] Bias scored using Collier2018
[INFO][2][AnalysisMeanStateSites][hfls] RMSE scored using Collier2018
[INFO][2][confront][LatentHeat/FLUXNET2015][RTM_ens36_case_3] Success
[INFO][1][AnalysisMeanStateSpace][lai] Bias scored using Collier2018
[INFO][2][AnalysisMeanStateSites][hfls] Bias scored using Collier2018
[INFO][2][AnalysisMeanStateSites][hfls] RMSE scored using Collier2018
[INFO][2][confront][LatentHeat/FLUXNET2015][RTM_ens36_case_4] Success
[INFO][1][AnalysisMeanStateSpace][lai] RMSE scored using Collier2018
[INFO][1][confront][LeafAreaIndex/MODIS][RTM_ens36_case_0] Success
[INFO][2][MakeComparable][LatentHeat/FLUXCOM][RTM_ens36_case_0] Spatial data was clipped from the reference:  before: [420 360 720] after: [420 360 711]
[INFO][4][AnalysisMeanStateSpace][rsus] Bias scored using Collier2018
[INFO][4][AnalysisMeanStateSpace][rsus] RMSE scored using Collier2018
[INFO][4][confront][SurfaceUpwardSWRadiation/GEWEX.SRB][RTM_ens36_case_3] Success
[INFO][1][MakeComparable][LeafAreaIndex/MODIS][RTM_ens36_case_3] Spatial data was clipped from the reference:  before: [ 72 360 720] after: [ 72 360 711]
[INFO][3][AnalysisMeanStateSpace][hfss] Bias scored using Collier2018
[INFO][7][AnalysisMeanStateSpace][rns] Bias scored using Collier2018
[INFO][3][AnalysisMeanStateSpace][hfss] RMSE scored using Collier2018
[INFO][7][AnalysisMeanStateSpace][rns] RMSE scored using Collier2018
[INFO][3][confront][SensibleHeat/CLASS][RTM_ens36_case_4] Success
[INFO][7][confront][SurfaceNetRadiation/CLASS][RTM_ens36_case_3] Success
[INFO][4][MakeComparable][SurfaceUpwardSWRadiation/GEWEX.SRB][RTM_ens36_case_4] Spatial data was clipped from the reference:  before: [288 360 720] after: [288 360 711]
[INFO][2][AnalysisMeanStateSpace][hfls] Bias scored using Collier2018
[INFO][7][MakeComparable][SurfaceNetRadiation/CLASS][RTM_ens36_case_4] Spatial data was clipped from the reference:  before: [ 84 360 720] after: [ 84 360 711]
[INFO][2][AnalysisMeanStateSpace][hfls] RMSE scored using Collier2018
[INFO][2][confront][LatentHeat/FLUXCOM][RTM_ens36_case_0] Success
[INFO][2][MakeComparable][LatentHeat/FLUXCOM][RTM_ens36_case_3] Spatial data was clipped from the reference:  before: [420 360 720] after: [420 360 711]
[INFO][1][AnalysisMeanStateSpace][lai] Bias scored using Collier2018
[INFO][1][AnalysisMeanStateSpace][lai] RMSE scored using Collier2018
[INFO][1][confront][LeafAreaIndex/MODIS][RTM_ens36_case_3] Success
[INFO][4][AnalysisMeanStateSpace][rsus] Bias scored using Collier2018
[INFO][4][AnalysisMeanStateSpace][rsus] RMSE scored using Collier2018
[INFO][4][confront][SurfaceUpwardSWRadiation/GEWEX.SRB][RTM_ens36_case_4] Success
[INFO][1][MakeComparable][LeafAreaIndex/MODIS][RTM_ens36_case_4] Spatial data was clipped from the reference:  before: [ 72 360 720] after: [ 72 360 711]
[INFO][7][AnalysisMeanStateSpace][rns] Bias scored using Collier2018
[INFO][7][AnalysisMeanStateSpace][rns] RMSE scored using Collier2018
[INFO][7][confront][SurfaceNetRadiation/CLASS][RTM_ens36_case_4] Success
[INFO][4][AnalysisMeanStateSites][rsus] Bias scored using Collier2018
[INFO][4][AnalysisMeanStateSites][rsus] RMSE scored using Collier2018
[INFO][4][confront][SurfaceUpwardSWRadiation/WRMC.BSRN][RTM_ens36_case_0] Success
[INFO][7][MakeComparable][GroundHeatFlux/CLASS][RTM_ens36_case_0] Spatial data was clipped from the reference:  before: [ 84 360 720] after: [ 84 360 711]
[INFO][2][AnalysisMeanStateSpace][hfls] Bias scored using Collier2018
[INFO][2][AnalysisMeanStateSpace][hfls] RMSE scored using Collier2018
[INFO][2][confront][LatentHeat/FLUXCOM][RTM_ens36_case_3] Success
[INFO][1][AnalysisMeanStateSpace][lai] Bias scored using Collier2018
[INFO][1][AnalysisMeanStateSpace][lai] RMSE scored using Collier2018
[INFO][1][confront][LeafAreaIndex/MODIS][RTM_ens36_case_4] Success
[INFO][7][AnalysisMeanStateSpace][hfdsl] Bias scored using Collier2018
[INFO][7][AnalysisMeanStateSpace][hfdsl] RMSE scored using Collier2018
[INFO][7][confront][GroundHeatFlux/CLASS][RTM_ens36_case_0] Success
[INFO][1][AnalysisMeanStateSites][nee] Bias scored using Collier2018
[INFO][1][AnalysisMeanStateSites][nee] RMSE scored using Collier2018
[INFO][1][confront][NetEcosystemExchange/FLUXNET2015][RTM_ens36_case_0] Success
[INFO][7][MakeComparable][GroundHeatFlux/CLASS][RTM_ens36_case_3] Spatial data was clipped from the reference:  before: [ 84 360 720] after: [ 84 360 711]
[INFO][1][AnalysisMeanStateSites][nee] Bias scored using Collier2018
[INFO][1][AnalysisMeanStateSites][nee] RMSE scored using Collier2018
[INFO][1][confront][NetEcosystemExchange/FLUXNET2015][RTM_ens36_case_3] Success
[INFO][7][AnalysisMeanStateSpace][hfdsl] Bias scored using Collier2018
[INFO][7][AnalysisMeanStateSpace][hfdsl] RMSE scored using Collier2018
[INFO][7][confront][GroundHeatFlux/CLASS][RTM_ens36_case_3] Success
[INFO][7][MakeComparable][GroundHeatFlux/CLASS][RTM_ens36_case_4] Spatial data was clipped from the reference:  before: [ 84 360 720] after: [ 84 360 711]
[INFO][7][AnalysisMeanStateSpace][hfdsl] Bias scored using Collier2018
[INFO][7][AnalysisMeanStateSpace][hfdsl] RMSE scored using Collier2018
[INFO][7][confront][GroundHeatFlux/CLASS][RTM_ens36_case_4] Success
[INFO][6][modelPlots][SurfaceUpwardLWRadiation/FLUXNET2015][RTM_ens36_case_3] Success
[INFO][2][modelPlots][NetEcosystemExchange/FLUXNET2015][RTM_ens36_case_4] Success
[INFO][5][modelPlots][SurfaceUpwardSWRadiation/WRMC.BSRN][RTM_ens36_case_0] Success
[INFO][7][modelPlots][SurfaceNetLWRadiation/WRMC.BSRN][RTM_ens36_case_4] Success
[INFO][1][modelPlots][GrossPrimaryProductivity/FLUXNET2015][RTM_ens36_case_3] Success
[INFO][6][modelPlots][SurfaceUpwardLWRadiation/FLUXNET2015][RTM_ens36_case_4] Success
[INFO][0][modelPlots][Biomass/Tropical][RTM_ens36_case_0] Success
[INFO][2][modelPlots][EcosystemRespiration/FLUXNET2015][RTM_ens36_case_0] Success
[INFO][5][modelPlots][SurfaceUpwardSWRadiation/WRMC.BSRN][RTM_ens36_case_3] Success
[INFO][1][modelPlots][GrossPrimaryProductivity/FLUXNET2015][RTM_ens36_case_4] Success
[INFO][3][modelPlots][LatentHeat/FLUXCOM][RTM_ens36_case_0] Success
[INFO][4][modelPlots][SensibleHeat/CLASS][RTM_ens36_case_3] Success
[INFO][2][modelPlots][EcosystemRespiration/FLUXNET2015][RTM_ens36_case_3] Success
[INFO][5][modelPlots][SurfaceUpwardSWRadiation/WRMC.BSRN][RTM_ens36_case_4] Success
[INFO][7][modelPlots][SurfaceNetRadiation/CERESed4.1][RTM_ens36_case_0] Success
[INFO][0][modelPlots][Biomass/Tropical][RTM_ens36_case_3] Success
[INFO][2][modelPlots][EcosystemRespiration/FLUXNET2015][RTM_ens36_case_4] Success
[INFO][6][modelPlots][SurfaceUpwardLWRadiation/GEWEX.SRB][RTM_ens36_case_0] Success
[INFO][1][modelPlots][GrossPrimaryProductivity/FLUXCOM][RTM_ens36_case_0] Success
[INFO][4][modelPlots][SensibleHeat/CLASS][RTM_ens36_case_4] Success
[INFO][3][modelPlots][LatentHeat/FLUXCOM][RTM_ens36_case_3] Success
[INFO][0][modelPlots][Biomass/Tropical][RTM_ens36_case_4] Success
[INFO][5][modelPlots][SurfaceNetSWRadiation/CERESed4.1][RTM_ens36_case_0] Success
[INFO][7][modelPlots][SurfaceNetRadiation/CERESed4.1][RTM_ens36_case_3] Success
[INFO][4][modelPlots][SensibleHeat/WECANN][RTM_ens36_case_0] Success
[INFO][0][modelPlots][Biomass/GlobalCarbon][RTM_ens36_case_0] Success
[INFO][2][modelPlots][EcosystemRespiration/FLUXCOM][RTM_ens36_case_0] Success
[INFO][6][modelPlots][SurfaceUpwardLWRadiation/GEWEX.SRB][RTM_ens36_case_3] Success
[INFO][0][modelPlots][Biomass/GlobalCarbon][RTM_ens36_case_3] Success
[INFO][3][modelPlots][LatentHeat/FLUXCOM][RTM_ens36_case_4] Success
[INFO][1][modelPlots][GrossPrimaryProductivity/FLUXCOM][RTM_ens36_case_3] Success
[INFO][4][modelPlots][SensibleHeat/WECANN][RTM_ens36_case_3] Success
[INFO][0][modelPlots][Biomass/GlobalCarbon][RTM_ens36_case_4] Success
[INFO][5][modelPlots][SurfaceNetSWRadiation/CERESed4.1][RTM_ens36_case_3] Success
[INFO][7][modelPlots][SurfaceNetRadiation/CERESed4.1][RTM_ens36_case_4] Success
[INFO][2][modelPlots][EcosystemRespiration/FLUXCOM][RTM_ens36_case_3] Success
[INFO][6][modelPlots][SurfaceUpwardLWRadiation/GEWEX.SRB][RTM_ens36_case_4] Success
[INFO][4][modelPlots][SensibleHeat/WECANN][RTM_ens36_case_4] Success
[INFO][7][modelPlots][SurfaceNetRadiation/FLUXNET2015][RTM_ens36_case_0] Success
[INFO][3][modelPlots][LatentHeat/DOLCE][RTM_ens36_case_0] Success
[INFO][1][modelPlots][GrossPrimaryProductivity/FLUXCOM][RTM_ens36_case_4] Success
[INFO][0][modelPlots][Biomass/NBCD2000][RTM_ens36_case_0] Success
[INFO][6][modelPlots][SurfaceUpwardLWRadiation/WRMC.BSRN][RTM_ens36_case_0] Success
[INFO][7][modelPlots][SurfaceNetRadiation/FLUXNET2015][RTM_ens36_case_3] Success
[INFO][5][modelPlots][SurfaceNetSWRadiation/CERESed4.1][RTM_ens36_case_4] Success
[INFO][1][modelPlots][GrossPrimaryProductivity/WECANN][RTM_ens36_case_0] Success
[INFO][4][modelPlots][Albedo/CERES][RTM_ens36_case_0] Success
[INFO][2][modelPlots][EcosystemRespiration/FLUXCOM][RTM_ens36_case_4] Success
[INFO][6][modelPlots][SurfaceUpwardLWRadiation/WRMC.BSRN][RTM_ens36_case_3] Success
[INFO][7][modelPlots][SurfaceNetRadiation/FLUXNET2015][RTM_ens36_case_4] Success
[INFO][3][modelPlots][LatentHeat/DOLCE][RTM_ens36_case_3] Success
[INFO][5][modelPlots][SurfaceNetSWRadiation/FLUXNET2015][RTM_ens36_case_0] Success
[INFO][0][modelPlots][Biomass/NBCD2000][RTM_ens36_case_3] Success
[INFO][1][modelPlots][GrossPrimaryProductivity/WECANN][RTM_ens36_case_3] Success
[INFO][6][modelPlots][SurfaceUpwardLWRadiation/WRMC.BSRN][RTM_ens36_case_4] Success
[INFO][5][modelPlots][SurfaceNetSWRadiation/FLUXNET2015][RTM_ens36_case_3] Success
[INFO][2][modelPlots][Evapotranspiration/GLEAMv3.3a][RTM_ens36_case_0] Success
[INFO][4][modelPlots][Albedo/CERES][RTM_ens36_case_3] Success
[INFO][7][modelPlots][SurfaceNetRadiation/GEWEX.SRB][RTM_ens36_case_0] Success
[INFO][3][modelPlots][LatentHeat/DOLCE][RTM_ens36_case_4] Success
[INFO][5][modelPlots][SurfaceNetSWRadiation/FLUXNET2015][RTM_ens36_case_4] Success
[INFO][1][modelPlots][GrossPrimaryProductivity/WECANN][RTM_ens36_case_4] Success
[INFO][0][modelPlots][Biomass/NBCD2000][RTM_ens36_case_4] Success
[INFO][6][modelPlots][SurfaceNetLWRadiation/CERESed4.1][RTM_ens36_case_0] Success
[INFO][4][modelPlots][Albedo/CERES][RTM_ens36_case_4] Success
[INFO][2][modelPlots][Evapotranspiration/GLEAMv3.3a][RTM_ens36_case_3] Success
[INFO][7][modelPlots][SurfaceNetRadiation/GEWEX.SRB][RTM_ens36_case_3] Success
[INFO][3][modelPlots][LatentHeat/CLASS][RTM_ens36_case_0] Success
[INFO][1][modelPlots][LeafAreaIndex/AVHRR][RTM_ens36_case_0] Success
[INFO][5][modelPlots][SurfaceNetSWRadiation/GEWEX.SRB][RTM_ens36_case_0] Success
[INFO][0][modelPlots][Biomass/USForest][RTM_ens36_case_0] Success
[INFO][6][modelPlots][SurfaceNetLWRadiation/CERESed4.1][RTM_ens36_case_3] Success
[INFO][4][modelPlots][Albedo/GEWEX.SRB][RTM_ens36_case_0] Success
[INFO][7][modelPlots][SurfaceNetRadiation/GEWEX.SRB][RTM_ens36_case_4] Success
[INFO][2][modelPlots][Evapotranspiration/GLEAMv3.3a][RTM_ens36_case_4] Success
[INFO][3][modelPlots][LatentHeat/CLASS][RTM_ens36_case_3] Success
[INFO][1][modelPlots][LeafAreaIndex/AVHRR][RTM_ens36_case_3] Success
[INFO][0][modelPlots][Biomass/USForest][RTM_ens36_case_3] Success
[INFO][5][modelPlots][SurfaceNetSWRadiation/GEWEX.SRB][RTM_ens36_case_3] Success
[INFO][7][modelPlots][SurfaceNetRadiation/WRMC.BSRN][RTM_ens36_case_0] Success
[INFO][6][modelPlots][SurfaceNetLWRadiation/CERESed4.1][RTM_ens36_case_4] Success
[INFO][2][modelPlots][Evapotranspiration/MODIS][RTM_ens36_case_0] Success
[INFO][7][modelPlots][SurfaceNetRadiation/WRMC.BSRN][RTM_ens36_case_3] Success
[INFO][6][modelPlots][SurfaceNetLWRadiation/FLUXNET2015][RTM_ens36_case_0] Success
[INFO][3][modelPlots][LatentHeat/CLASS][RTM_ens36_case_4] Success
[INFO][0][modelPlots][Biomass/USForest][RTM_ens36_case_4] Success
[INFO][4][modelPlots][Albedo/GEWEX.SRB][RTM_ens36_case_3] Success
[INFO][1][modelPlots][LeafAreaIndex/AVHRR][RTM_ens36_case_4] Success
[INFO][5][modelPlots][SurfaceNetSWRadiation/GEWEX.SRB][RTM_ens36_case_4] Success
[INFO][7][modelPlots][SurfaceNetRadiation/WRMC.BSRN][RTM_ens36_case_4] Success
[INFO][0][modelPlots][Biomass/Thurner][RTM_ens36_case_0] Success
[INFO][6][modelPlots][SurfaceNetLWRadiation/FLUXNET2015][RTM_ens36_case_3] Success
[INFO][3][modelPlots][LatentHeat/WECANN][RTM_ens36_case_0] Success
[INFO][0][modelPlots][Biomass/Thurner][RTM_ens36_case_3] Success
[INFO][5][modelPlots][SurfaceNetSWRadiation/WRMC.BSRN][RTM_ens36_case_0] Success
[INFO][2][modelPlots][Evapotranspiration/MODIS][RTM_ens36_case_3] Success
[INFO][0][modelPlots][Biomass/Thurner][RTM_ens36_case_4] Success
[INFO][6][modelPlots][SurfaceNetLWRadiation/FLUXNET2015][RTM_ens36_case_4] Success
[INFO][4][modelPlots][Albedo/GEWEX.SRB][RTM_ens36_case_4] Success
[INFO][1][modelPlots][LeafAreaIndex/AVH15C1][RTM_ens36_case_0] Success
[INFO][5][modelPlots][SurfaceNetSWRadiation/WRMC.BSRN][RTM_ens36_case_3] Success
[INFO][3][modelPlots][LatentHeat/WECANN][RTM_ens36_case_3] Success
[INFO][0][modelPlots][GrossPrimaryProductivity/FLUXNET2015][RTM_ens36_case_0] Success
[INFO][7][modelPlots][SurfaceNetRadiation/CLASS][RTM_ens36_case_0] Success
[INFO][5][modelPlots][SurfaceNetSWRadiation/WRMC.BSRN][RTM_ens36_case_4] Success
[INFO][2][modelPlots][Evapotranspiration/MODIS][RTM_ens36_case_4] Success
[INFO][3][modelPlots][LatentHeat/WECANN][RTM_ens36_case_4] Success
[INFO][6][modelPlots][SurfaceNetLWRadiation/GEWEX.SRB][RTM_ens36_case_0] Success
[INFO][1][modelPlots][LeafAreaIndex/AVH15C1][RTM_ens36_case_3] Success
[INFO][4][modelPlots][SurfaceUpwardSWRadiation/CERESed4.1][RTM_ens36_case_0] Success
[INFO][7][modelPlots][SurfaceNetRadiation/CLASS][RTM_ens36_case_3] Success
[INFO][3][modelPlots][SensibleHeat/FLUXNET2015][RTM_ens36_case_0] Success
[INFO][2][modelPlots][Evapotranspiration/MOD16A2][RTM_ens36_case_0] Success
[INFO][5][modelPlots][SurfaceUpwardLWRadiation/CERESed4.1][RTM_ens36_case_0] Success
[INFO][3][modelPlots][SensibleHeat/FLUXNET2015][RTM_ens36_case_3] Success
[INFO][4][modelPlots][SurfaceUpwardSWRadiation/CERESed4.1][RTM_ens36_case_3] Success
[INFO][6][modelPlots][SurfaceNetLWRadiation/GEWEX.SRB][RTM_ens36_case_3] Success
[INFO][1][modelPlots][LeafAreaIndex/AVH15C1][RTM_ens36_case_4] Success
[INFO][7][modelPlots][SurfaceNetRadiation/CLASS][RTM_ens36_case_4] Success
[INFO][3][modelPlots][SensibleHeat/FLUXNET2015][RTM_ens36_case_4] Success
[INFO][2][modelPlots][Evapotranspiration/MOD16A2][RTM_ens36_case_3] Success
[INFO][5][modelPlots][SurfaceUpwardLWRadiation/CERESed4.1][RTM_ens36_case_3] Success
[INFO][4][modelPlots][SurfaceUpwardSWRadiation/CERESed4.1][RTM_ens36_case_4] Success
[INFO][1][modelPlots][LeafAreaIndex/MODIS][RTM_ens36_case_0] Success
[INFO][6][modelPlots][SurfaceNetLWRadiation/GEWEX.SRB][RTM_ens36_case_4] Success
[INFO][7][modelPlots][GroundHeatFlux/CLASS][RTM_ens36_case_0] Success
[INFO][2][modelPlots][Evapotranspiration/MOD16A2][RTM_ens36_case_4] Success
[INFO][3][modelPlots][SensibleHeat/FLUXCOM][RTM_ens36_case_0] Success
[INFO][4][modelPlots][SurfaceUpwardSWRadiation/FLUXNET2015][RTM_ens36_case_0] Success
[INFO][6][modelPlots][SurfaceNetLWRadiation/WRMC.BSRN][RTM_ens36_case_0] Success
[INFO][5][modelPlots][SurfaceUpwardLWRadiation/CERESed4.1][RTM_ens36_case_4] Success
[INFO][4][modelPlots][SurfaceUpwardSWRadiation/FLUXNET2015][RTM_ens36_case_3] Success
[INFO][2][modelPlots][LatentHeat/FLUXNET2015][RTM_ens36_case_0] Success
[INFO][6][modelPlots][SurfaceNetLWRadiation/WRMC.BSRN][RTM_ens36_case_3] Success
[INFO][1][modelPlots][LeafAreaIndex/MODIS][RTM_ens36_case_3] Success
[INFO][5][modelPlots][SurfaceUpwardLWRadiation/FLUXNET2015][RTM_ens36_case_0] Success
[INFO][7][modelPlots][GroundHeatFlux/CLASS][RTM_ens36_case_3] Success
[INFO][4][modelPlots][SurfaceUpwardSWRadiation/FLUXNET2015][RTM_ens36_case_4] Success
[INFO][2][modelPlots][LatentHeat/FLUXNET2015][RTM_ens36_case_3] Success
[INFO][3][modelPlots][SensibleHeat/FLUXCOM][RTM_ens36_case_3] Success
[INFO][2][modelPlots][LatentHeat/FLUXNET2015][RTM_ens36_case_4] Success
[INFO][1][modelPlots][LeafAreaIndex/MODIS][RTM_ens36_case_4] Success
[INFO][7][modelPlots][GroundHeatFlux/CLASS][RTM_ens36_case_4] Success
[INFO][1][modelPlots][NetEcosystemExchange/FLUXNET2015][RTM_ens36_case_0] Success
[INFO][4][modelPlots][SurfaceUpwardSWRadiation/GEWEX.SRB][RTM_ens36_case_0] Success
[INFO][3][modelPlots][SensibleHeat/FLUXCOM][RTM_ens36_case_4] Success
[INFO][1][modelPlots][NetEcosystemExchange/FLUXNET2015][RTM_ens36_case_3] Success
[INFO][3][modelPlots][SensibleHeat/CLASS][RTM_ens36_case_0] Success
[INFO][4][modelPlots][SurfaceUpwardSWRadiation/GEWEX.SRB][RTM_ens36_case_3] Success
[INFO][4][modelPlots][SurfaceUpwardSWRadiation/GEWEX.SRB][RTM_ens36_case_4] Success
[INFO][1][<module>][process time] 451.3 s
[INFO][5][<module>][process time] 304.9 s
[INFO][7][<module>][process time] 481.8 s
[INFO][0][<module>][process time] 156.1 s
[INFO][4][<module>][process time] 428.8 s
[INFO][3][<module>][process time] 397.0 s
[INFO][2][<module>][process time] 422.0 s
[INFO][6][<module>][process time] 323.7 s
[INFO][0][<module>][total time] 531.1 s
[INFO][0][<module>][process balance] 3.09
[INFO][0][<module>][parallel efficiency] 70%
